[debug] [2022-06-23T11:09:28.321Z] ----------------------------------------------------------------------
[debug] [2022-06-23T11:09:28.323Z] Command:       C:\Program Files\nodejs\node.exe C:\Users\User\AppData\Roaming\npm\node_modules\firebase-tools\lib\bin\firebase.js init hosting:github
[debug] [2022-06-23T11:09:28.324Z] CLI Version:   11.0.1
[debug] [2022-06-23T11:09:28.324Z] Platform:      win32
[debug] [2022-06-23T11:09:28.324Z] Node Version:  v16.13.0
[debug] [2022-06-23T11:09:28.325Z] Time:          Thu Jun 23 2022 19:09:28 GMT+0800 (台北標準時間)
[debug] [2022-06-23T11:09:28.325Z] ----------------------------------------------------------------------
[debug] 
[debug] [2022-06-23T11:09:28.383Z] > command requires scopes: ["email","openid","https://www.googleapis.com/auth/cloudplatformprojects.readonly","https://www.googleapis.com/auth/firebase","https://www.googleapis.com/auth/cloud-platform"]
[debug] [2022-06-23T11:09:28.384Z] > authorizing via signed-in user (karl2015y@gmail.com)
[info] 
     ######## #### ########  ######## ########     ###     ######  ########
     ##        ##  ##     ## ##       ##     ##  ##   ##  ##       ##
     ######    ##  ########  ######   ########  #########  ######  ######
     ##        ##  ##    ##  ##       ##     ## ##     ##       ## ##
     ##       #### ##     ## ######## ########  ##     ##  ######  ########

You're about to initialize a Firebase project in this directory:

  C:\Users\User\Documents\GitHub\web-editor-web

Before we get started, keep in mind:

  * You are initializing within an existing Firebase project directory

[info] 
=== Project Setup
[info] 
[info] First, let's associate this project directory with a Firebase project.
[info] You can create multiple project aliases by running firebase use --add, 
[info] but for now we'll just set up a default project.
[info] 
[debug] [2022-06-23T11:09:32.235Z] Using project from CLI flag: webeditor-9e90d
[debug] [2022-06-23T11:09:32.237Z] >>> [apiv2][query] GET https://firebase.googleapis.com/v1beta1/projects/webeditor-9e90d [none]
[debug] [2022-06-23T11:09:32.487Z] <<< [apiv2][status] GET https://firebase.googleapis.com/v1beta1/projects/webeditor-9e90d 200
[debug] [2022-06-23T11:09:32.487Z] <<< [apiv2][body] GET https://firebase.googleapis.com/v1beta1/projects/webeditor-9e90d {"projectId":"webeditor-9e90d","projectNumber":"524689341083","displayName":"WebEditor","name":"projects/webeditor-9e90d","resources":{"hostingSite":"webeditor-9e90d","storageBucket":"webeditor-9e90d.appspot.com","locationId":"asia-east1"},"state":"ACTIVE"}
[info] i  Using project webeditor-9e90d (WebEditor) 
[info] 
=== Hosting:github Setup
[info] 
[info] i  Detected a .git folder at C:\Users\User\Documents\GitHub\web-editor-web 
[info] i  Authorizing with GitHub to upload your service account to a GitHub repository's secrets store. 
[info] 
[info] Visit this URL on this device to log in:
[info] https://github.com/login/oauth/authorize?client_id=89cf50f02ac6aaed3484&state=715110524&redirect_uri=http%3A%2F%2Flocalhost%3A9005&scope=read%3Auser%20repo%20public_repo
[info] 
[info] Waiting for authentication...
[debug] [2022-06-23T11:09:33.101Z] >>> HTTP REQUEST POST https://github.com/login/oauth/access_token  
 {"client_id":"89cf50f02ac6aaed3484","client_secret":"3330d14abc895d9a74d5f17cd7a00711fa2c5bf0","code":"95ff779399e5fa78d597","redirect_uri":"http://localhost:9005","state":"715110524"}
[debug] [2022-06-23T11:09:33.486Z] <<< HTTP RESPONSE 200 {"server":"GitHub.com","date":"Thu, 23 Jun 2022 11:09:34 GMT","content-type":"application/json; charset=utf-8","transfer-encoding":"chunked","vary":"X-PJAX, X-PJAX-Container, Turbo-Visit, Turbo-Frame, Accept-Encoding, Accept, X-Requested-With","permissions-policy":"interest-cohort=()","etag":"W/\"74e5235ad57bfed51a03d055e464c441\"","cache-control":"max-age=0, private, must-revalidate","strict-transport-security":"max-age=31536000; includeSubdomains; preload","x-frame-options":"deny","x-content-type-options":"nosniff","x-xss-protection":"0","referrer-policy":"origin-when-cross-origin, strict-origin-when-cross-origin","expect-ct":"max-age=2592000, report-uri=\"https://api.github.com/_private/browser/errors\"","content-security-policy":"default-src 'none'; base-uri 'self'; block-all-mixed-content; child-src github.com/assets-cdn/worker/ gist.github.com/assets-cdn/worker/; connect-src 'self' uploads.github.com objects-origin.githubusercontent.com www.githubstatus.com collector.github.com raw.githubusercontent.com api.github.com github-cloud.s3.amazonaws.com github-production-repository-file-5c1aeb.s3.amazonaws.com github-production-upload-manifest-file-7fdce7.s3.amazonaws.com github-production-user-asset-6210df.s3.amazonaws.com cdn.optimizely.com logx.optimizely.com/v1/events *.actions.githubusercontent.com wss://*.actions.githubusercontent.com online.visualstudio.com/api/v1/locations github-production-repository-image-32fea6.s3.amazonaws.com github-production-release-asset-2e65be.s3.amazonaws.com insights.github.com wss://alive.github.com; font-src github.githubassets.com; form-action 'self' github.com gist.github.com objects-origin.githubusercontent.com; frame-ancestors 'none'; frame-src render.githubusercontent.com viewscreen.githubusercontent.com notebooks.githubusercontent.com; img-src 'self' data: github.githubassets.com identicons.github.com github-cloud.s3.amazonaws.com secured-user-images.githubusercontent.com/ github-production-user-asset-6210df.s3.amazonaws.com *.githubusercontent.com; manifest-src 'self'; media-src github.com user-images.githubusercontent.com/; script-src github.githubassets.com; style-src 'unsafe-inline' github.githubassets.com; worker-src github.com/assets-cdn/worker/ gist.github.com/assets-cdn/worker/","x-github-request-id":"064F:252F:88E1DB:A4A4E8:62B449ED"}
[debug] [2022-06-23T11:09:33.488Z] >>> [apiv2][query] GET https://api.github.com/user [none]
[debug] [2022-06-23T11:09:33.888Z] <<< [apiv2][status] GET https://api.github.com/user 200
[debug] [2022-06-23T11:09:33.888Z] <<< [apiv2][body] GET https://api.github.com/user {"login":"karl2015y","id":76696121,"node_id":"MDQ6VXNlcjc2Njk2MTIx","avatar_url":"https://avatars.githubusercontent.com/u/76696121?v=4","gravatar_id":"","url":"https://api.github.com/users/karl2015y","html_url":"https://github.com/karl2015y","followers_url":"https://api.github.com/users/karl2015y/followers","following_url":"https://api.github.com/users/karl2015y/following{/other_user}","gists_url":"https://api.github.com/users/karl2015y/gists{/gist_id}","starred_url":"https://api.github.com/users/karl2015y/starred{/owner}{/repo}","subscriptions_url":"https://api.github.com/users/karl2015y/subscriptions","organizations_url":"https://api.github.com/users/karl2015y/orgs","repos_url":"https://api.github.com/users/karl2015y/repos","events_url":"https://api.github.com/users/karl2015y/events{/privacy}","received_events_url":"https://api.github.com/users/karl2015y/received_events","type":"User","site_admin":false,"name":null,"company":null,"blog":"","location":null,"email":null,"hireable":null,"bio":null,"twitter_username":null,"public_repos":21,"public_gists":0,"followers":0,"following":0,"created_at":"2020-12-28T15:10:02Z","updated_at":"2022-04-06T14:51:56Z","private_gists":0,"total_private_repos":3,"owned_private_repos":3,"disk_usage":677060,"collaborators":2,"two_factor_authentication":false,"plan":{"name":"free","space":976562499,"collaborators":0,"private_repos":10000}}
[info] 
[info] +  Success! Logged into GitHub as karl2015y 
[info] 
[debug] [2022-06-23T11:10:17.625Z] >>> [apiv2][query] GET https://api.github.com/repos/Project-FIRE-pro/web-editor-web/actions/secrets/public-key type=owner
[debug] [2022-06-23T11:10:17.957Z] <<< [apiv2][status] GET https://api.github.com/repos/Project-FIRE-pro/web-editor-web/actions/secrets/public-key 403
[debug] [2022-06-23T11:10:17.957Z] <<< [apiv2][body] GET https://api.github.com/repos/Project-FIRE-pro/web-editor-web/actions/secrets/public-key {"message":"Must have admin rights to Repository.","documentation_url":"https://docs.github.com/rest/reference/actions#get-a-repository-public-key"}
[info] 
[info] 
[error] !  The provided authorization cannot be used with this repository. If this repository is in an organization, did you remember to grant access? 
[info] 
[info] i  Action required: Visit this URL to ensure access has been granted to the appropriate organization(s) for the Firebase CLI GitHub OAuth App: 
[info] https://github.com/settings/connections/applications/89cf50f02ac6aaed3484
[info] 
[debug] [2022-06-23T11:10:20.695Z] >>> [apiv2][query] GET https://api.github.com/repos/Project-FIRE-pro/web-editor-web/actions/secrets/public-key type=owner
[debug] [2022-06-23T11:10:20.865Z] >>> [apiv2][query] GET https://api.github.com/repos//actions/secrets/public-key type=owner
[debug] [2022-06-23T11:10:21.010Z] >>> [apiv2][query] GET https://api.github.com/repos//actions/secrets/public-key type=owner
[debug] [2022-06-23T11:10:21.041Z] <<< [apiv2][status] GET https://api.github.com/repos/Project-FIRE-pro/web-editor-web/actions/secrets/public-key 403
[debug] [2022-06-23T11:10:21.041Z] <<< [apiv2][body] GET https://api.github.com/repos/Project-FIRE-pro/web-editor-web/actions/secrets/public-key {"message":"Must have admin rights to Repository.","documentation_url":"https://docs.github.com/rest/reference/actions#get-a-repository-public-key"}
[info] 
[info] 
[error] !  The provided authorization cannot be used with this repository. If this repository is in an organization, did you remember to grant access? 
[info] 
[info] i  Action required: Visit this URL to ensure access has been granted to the appropriate organization(s) for the Firebase CLI GitHub OAuth App: 
[info] https://github.com/settings/connections/applications/89cf50f02ac6aaed3484
[info] 
[debug] [2022-06-23T11:10:21.189Z] <<< [apiv2][status] GET https://api.github.com/repos//actions/secrets/public-key 404
[debug] [2022-06-23T11:10:21.189Z] <<< [apiv2][body] GET https://api.github.com/repos//actions/secrets/public-key {"message":"Not Found","documentation_url":"https://docs.github.com/rest"}
[debug] [2022-06-23T11:10:21.315Z] <<< [apiv2][status] GET https://api.github.com/repos//actions/secrets/public-key 404
[debug] [2022-06-23T11:10:21.315Z] <<< [apiv2][body] GET https://api.github.com/repos//actions/secrets/public-key {"message":"Not Found","documentation_url":"https://docs.github.com/rest"}
